TN:
SF:/var/www/html/test/c/vending-machine/test.js
FN:12,(anonymous_1)
FN:18,(anonymous_2)
FN:24,(anonymous_3)
FNF:3
FNH:3
FNDA:1,(anonymous_1)
FNDA:1,(anonymous_2)
FNDA:1,(anonymous_3)
DA:4,1
DA:5,1
DA:7,1
DA:8,1
DA:9,1
DA:12,1
DA:13,1
DA:14,1
DA:15,1
DA:18,1
DA:19,1
DA:20,1
DA:21,1
DA:24,1
DA:25,1
DA:26,1
DA:27,1
DA:31,1
LF:18
LH:18
BRDA:4,1,0,1
BRDA:4,1,1,0
BRDA:4,2,0,1
BRDA:4,2,1,1
BRDA:31,3,0,1
BRDA:31,3,1,0
BRDA:31,4,0,1
BRDA:31,4,1,1
BRF:8
BRH:7
end_of_record
TN:
SF:/var/www/html/test/c/vending-machine/change.js
FN:13,getChange
FNF:1
FNH:1
FNDA:3,getChange
DA:12,1
DA:13,1
DA:14,3
DA:15,3
DA:16,3
DA:18,3
DA:19,24
DA:21,24
DA:22,15
DA:24,15
DA:25,16
DA:26,16
DA:30,3
DA:37,1
DA:38,1
LF:15
LH:15
BRDA:21,1,0,15
BRDA:21,1,1,9
BRDA:37,2,0,1
BRDA:37,2,1,0
BRDA:37,3,0,1
BRDA:37,3,1,1
BRF:6
BRH:6
end_of_record
